#Epoch	Training Error
0	1.0994440809972745
1	1.053377438459636
2	1.0119743625127775
3	0.9880039039469132
4	0.9716732849458297
5	0.9543346054057019
6	0.9327542436083558
7	0.9035713827648494
8	0.867038515757349
9	0.8269887596597807
10	0.7875382327756707
11	0.7454977030596792
12	0.7096778039956361
13	0.6761523237091678
14	0.6466203313626816
15	0.6212950763668729
16	0.5980328724317635
17	0.579447202926657
18	0.5619571152102895
19	0.5472492788734065
20	0.5350539397700024
21	0.5244391586967649
22	0.5133603352779057
23	0.5041312495480247
24	0.4951594311350847
25	0.48764942602536376
26	0.4804684391894148
27	0.47354562071780865
28	0.4672585389263483
29	0.4617436706337531
30	0.4569387089163346
31	0.45267586346769295
32	0.448127698902271
33	0.44430561501845955
34	0.441674588310109
35	0.4377827245909756
36	0.4344026573382391
37	0.4306773249610786
38	0.4269324089361781
39	0.42370969946349984
40	0.42177594621395637
41	0.4186945061357849
42	0.4160719057352143
43	0.4135983241842484
44	0.41159227131019566
45	0.409876998182102
46	0.40780810080507096
47	0.4060651600438726
48	0.4044045146235895
49	0.4025793443088456
50	0.4008589161094846
51	0.39890422429176414
52	0.3973663805192295
53	0.395382675196244
54	0.39400543460276666
55	0.3922411400497486
56	0.3909399402898261
57	0.38945218933253695
58	0.38803507450515734
59	0.3866572191200442
60	0.3853702607295903
61	0.3838116026427113
62	0.3822894306202174
63	0.3808568651886545
64	0.37954567653553756
65	0.37815196177440885
66	0.37679565032917095
67	0.3754586563942926
68	0.3741070785948648
69	0.37286980480040277
70	0.3713798942151826
71	0.3702914299367861
72	0.3688947298834425
73	0.3675479529044628
74	0.36637214602400403
75	0.36505346168737984
76	0.3637408043684083
77	0.36242821706311856
78	0.3611116123160261
79	0.35978778025116387
80	0.35845406157259474
81	0.3571662083620473
82	0.3559545459252784
83	0.3545656306560989
84	0.3533120082055587
85	0.3520396521506507
86	0.35076518617506797
87	0.34956817198535406
88	0.34833982739367986
89	0.34711216982924686
90	0.34588688515978566
91	0.3446640772067414
92	0.3434431455048687
93	0.3422231794976744
94	0.3410031546584156
95	0.33978202770325555
96	0.3386472792298384
97	0.33756010178620477
98	0.3363442253443495
99	0.3352466963122684
100	0.3340331528313369
101	0.33295454364134053
102	0.3318442229059149
103	0.3307297151915571
104	0.3296964606602762
105	0.3286342211415278
106	0.3275670176373674
107	0.32649908205321454
108	0.3254669268054387
109	0.32441696061453934
110	0.3234639794619337
111	0.3224717042978675
112	0.3214715526723925
113	0.3204681425746923
114	0.3194632159290098
115	0.3185335219853033
116	0.3175807224758812
117	0.31661884472135454
118	0.3157373711464206
119	0.31482440238370496
120	0.31390060986343454
121	0.3130465220688036
122	0.31208934571458136
123	0.3112150572989507
124	0.31032259902511916
125	0.3094213026697263
126	0.308514321661821
127	0.30760270483257574
128	0.3066866523242269
129	0.3057659008442099
130	0.30483993322674374
131	0.3039080956225933
132	0.30296966260236313
133	0.3021301403072978
134	0.3012341133532187
135	0.30041566513973667
136	0.2996737128339852
137	0.298854134748724
138	0.2980092773139424
139	0.2971477953555803
140	0.2962737091782425
141	0.2953889798215652
142	0.2945840978911338
143	0.2937332450068532
144	0.29286382134026384
145	0.2920862804230575
146	0.2912558378181452
147	0.29040305342262
148	0.28953362609949757
149	0.2886499239833338
150	0.2878364791084265
151	0.28697637217564775
152	0.28619733790793805
153	0.28542989023153614
154	0.2846083470180518
155	0.2837608791307936
156	0.2829838638748673
157	0.28223921984854666
158	0.2814314156898497
159	0.28071114868012403
160	0.2800104745259753
161	0.2792370906718424
162	0.2784369771514372
163	0.27761707691298365
164	0.2767805843733928
165	0.27592909340913024
166	0.2750632051533074
167	0.27431106867534505
168	0.2736048771552842
169	0.2728003931570627
170	0.2719683974760791
171	0.27111483606342074
172	0.27024216248462285
173	0.2693515505968004
174	0.2684433725231702
175	0.2677831558467904
176	0.26695569849525913
177	0.26609355461102246
178	0.2652052684375928
179	0.26439487776098064
180	0.2635038824680579
181	0.2627095060437557
182	0.2618174945433241
183	0.26089687346026974
184	0.2599519771401149
185	0.2589843018781026
186	0.25799442459648203
187	0.2569823409303924
188	0.25594767315116485
189	0.25488981021918466
190	0.2539760935241866
191	0.2529380313046242
192	0.2518659234576991
193	0.2507638666528791
194	0.2496330467647194
195	0.24847393462188988
196	0.24728656293611648
197	0.24607069179894334
198	0.2448259224864744
199	0.24355177608337972
200	0.2422477480328374
201	0.24091334629647512
202	0.23972335844147302
203	0.2384105151307337
204	0.23705595370449187
205	0.23566491598602043
206	0.23423961160674273
207	0.23278146325047874
208	0.2312914180650463
209	0.22977014084075117
210	0.22821814627542583
211	0.22663588875325189
212	0.22502382257950204
213	0.22338244179569763
214	0.22171230589729182
215	0.22001405578436084
216	0.2182884228910467
217	0.2165362334911499
218	0.21475840953529188
219	0.21295596694483138
220	0.21113001200225298
221	0.20928173629033606
222	0.20741241051077847
223	0.2055233774349519
224	0.20361604418992812
225	0.20169187405152897
226	0.19975237789589464
227	0.1977991054472715
228	0.1958336364492457
229	0.19385757187754019
230	0.19187252530351015
231	0.1898801145079556
232	0.18788195343453687
233	0.18587964456087905
234	0.18387477175354658
235	0.18186889366067974
236	0.1798635376835112
237	0.17786019455553403
238	0.17586031354605788
239	0.1738652982935312
240	0.17187494123996708
241	0.16990776282998363
242	0.16794582486854828
243	0.16599182200780502
244	0.16404770841674457
245	0.16211499521956801
246	0.16019493098369608
247	0.15828859858884975
248	0.15673139466709302
249	0.15477511066429628
250	0.1528679140411937
251	0.1509911942286261
252	0.14913949931523315
253	0.1473104503325211
254	0.1455031446039154
255	0.14371738273156362
256	0.14195328591214446
257	0.14021110748139667
258	0.13849114116080138
259	0.13679367725790995
260	0.135106539283496
261	0.13347752151673983
262	0.13187657866571595
263	0.13029181493072767
264	0.12871488175812734
265	0.1271880790039748
266	0.12567823996385868
267	0.12418829603645594
268	0.12273868318158489
269	0.12128496935821884
270	0.11985695020164214
271	0.11845297709533306
272	0.11707225972689259
273	0.11571439199206827
274	0.11437913263713216
275	0.11306630605534047
276	0.11177575790860984
277	0.11050733568478731
278	0.10926088054159819
279	0.1080362242229774
280	0.10680670048851935
281	0.10554668352202935
282	0.1043894939626548
283	0.10322360889975561
284	0.10209063970265267
285	0.100984029563486
286	0.09990059592854535
287	0.09883876746311004
288	0.09779769658423532
289	0.09677686013276543
290	0.09577587918968222
291	0.09479443784141364
292	0.09383224669613313
293	0.09289378605707488
294	0.09198141871736142
295	0.0910836644139803
296	0.09018338175982785
297	0.08933243119916996
298	0.08849818533848015
299	0.08768513766916976
300	0.08688401916448843
301	0.08609681276135217
302	0.08531204584919982
303	0.08457510718117371
304	0.08382625535853257
305	0.08310207343197525
306	0.08237348675397249
307	0.08169051443073436
308	0.08099330133826342
309	0.08033665218527898
310	0.07969180985020376
311	0.07906743575307953
312	0.0784217454873729
313	0.0778395189190348
314	0.07726363797367196
315	0.07669421121153028
316	0.07613369594718396
317	0.0755974297793449
318	0.07493983516234969
319	0.07436338815137032
320	0.07381154132994003
321	0.07330951342405607
322	0.07280832914735566
323	0.07233756095538688
324	0.07187273054591259
325	0.07142637548471831
326	0.07099150521330123
327	0.07056000443434426
328	0.07013431311767834
329	0.06969848268071678
330	0.06929062260120067
331	0.06889396264599508
332	0.06851741393294151
333	0.06814582565258932
334	0.06777781148464788
335	0.06742255435012467
336	0.06705667862265731
337	0.06671482040159346
338	0.06637696989950445
339	0.06604410004134816
340	0.06571686100745613
341	0.06539554265933305
342	0.065080244661064
343	0.06477096649963901
344	0.06446765520867266
345	0.0641702306817246
346	0.0638785991187864
347	0.06357856342899855
348	0.0633080151069916
349	0.06302494479241118
350	0.06276338653439249
351	0.06250486450806238
352	0.062250019862683144
353	0.06199938010837742
354	0.06175319367791944
355	0.061511556722022846
356	0.06127448243150618
357	0.061041939060147696
358	0.06081387078524565
359	0.060590209164576955
360	0.060370879437374465
361	0.06015580399410893
362	0.05994490428859183
363	0.059738101891121706
364	0.05953531906676492
365	0.05933647909036731
366	0.05914150641513864
367	0.05895032675948853
368	0.0587628671480138
369	0.05858147225500321
370	0.05840686837380627
371	0.058234284646898005
372	0.05806424165200901
373	0.05789928274442215
374	0.05775286347365876
375	0.05759916982584133
376	0.05744583908662685
377	0.0572831058271665
378	0.05713991115293256
379	0.05699719276660013
380	0.0568558334794022
381	0.05671633663896727
382	0.05657898157061085
383	0.05644391529107965
384	0.0563112068977711
385	0.05618087971337924
386	0.056052930260714624
387	0.055927339463662726
388	0.05580407926377574
389	0.05568311653275918
390	0.05556441538842941
391	0.05544793856677476
392	0.05533364823505228
393	0.05522150647327172
394	0.05511147555856001
395	0.0550035181321089
396	0.05489759729602844
397	0.0547936766682573
398	0.054691720412311726
399	0.05459169325189794
400	0.05448379019456505
401	0.05438881134358964
402	0.05429513542331176
403	0.05420699465261871
404	0.054121180626015265
405	0.054016954175857876
406	0.05393462480024737
407	0.05385239157342652
408	0.053773328476556324
409	0.05371904634886426
410	0.05364769769276573
411	0.05357397488935172
412	0.053499187130858626
413	0.05342426429751982
414	0.05334978830260196
415	0.05327611823550999
416	0.0532034715621714
417	0.05313197615209309
418	0.05306170335964542
419	0.05299528740439911
420	0.052932224987003694
421	0.05286929417264986
422	0.05280687211318724
423	0.05274519295159487
424	0.05268439951827796
425	0.0526245760775727
426	0.052565769411107514
427	0.052508002355217166
428	0.052454696205742876
429	0.052403370525176775
430	0.05235208204713764
431	0.052301146175003664
432	0.052249751351845376
433	0.05220486491889239
434	0.05215960387613911
435	0.05211437640832335
436	0.05206944678040753
437	0.05202498456446434
438	0.05198109683398998
439	0.05193784951437945
440	0.051891948207972986
441	0.051854458300699784
442	0.05181669008285112
443	0.051778957421943675
444	0.051741465850401
445	0.05170434886787727
446	0.05166769186325455
447	0.05163154815553166
448	0.05159594971163924
449	0.051560914293948205
450	0.0515264502227848
451	0.0514925595493132
452	0.051459240170030604
453	0.0514264872367935
454	0.0513942940978395
455	0.05136265292639662
456	0.051331555141025345
457	0.051300991686987985
458	0.05127095322479035
459	0.051241430256644724
460	0.051212413211369025
461	0.05118389250142489
462	0.0511558585612513
463	0.05112830187302607
464	0.05110121298396696
465	0.051074582517923586
466	0.051048401183119436
467	0.05102265977728471
468	0.05099734919102222
469	0.05097246040997255
470	0.05094798451615914
471	0.05092391268877524
472	0.05090023620458545
473	0.05087694643806288
474	0.05086364053292249
475	0.05084251560015538
476	0.05082110099750246
477	0.05079958933933538
478	0.0507781140890639
479	0.0507567655290898
480	0.05073560393503191
481	0.05072350391639766
482	0.050704436019736655
483	0.05068491862661269
484	0.050663849655288216
485	0.05064421782863869
486	0.050624623870942145
487	0.0506042613823829
488	0.05059515145349885
489	0.050579523090417355
490	0.050563240862935135
491	0.05054647343723439
492	0.05052942908569204
493	0.05051225416795028
494	0.05049505083993438
495	0.05049137010693184
496	0.05047870515403707
497	0.05046644238993168
498	0.050453024213536764
499	0.05043882310020919
500	0.050424107333873106
501	0.05040906894021075
502	0.05039384461336597
503	0.050378531102449504
504	0.05036319641504272
505	0.0503478879234999
506	0.05033634143502167
507	0.05032176795398168
508	0.05030708869557531
509	0.05029236891450948
510	0.05027765385073611
511	0.050262974956560055
512	0.05024835372417836
513	0.05023380445637531
514	0.05021933627072813
515	0.05020495454892093
516	0.05019208761346768
517	0.05018179871428452
518	0.050170865627956696
519	0.05015946961755878
520	0.050147744055759814
521	0.05013578642084344
522	0.050123667679484694
523	0.05011143926469831
524	0.050093685859060155
525	0.05008517879959213
526	0.05007594004113182
527	0.05006615342564987
528	0.050055956134713316
529	0.05004544981472806
530	0.05003470957178809
531	0.05002379074425657
532	0.050012733973985514
533	0.05000156898951059
534	0.049990317421420516
535	0.04997899489420591
536	0.04996761257907325
537	0.04995617834609197
538	0.04994469761894987
539	0.049933174009162855
540	0.04992160978679302
541	0.049910006229980985
542	0.0498983638846418
543	0.04988668275753329
544	0.049874962459898545
545	0.04986192927078039
546	0.04985349382807995
547	0.049844445377967936
548	0.049834912855281806
549	0.049823018874799396
550	0.049816455149513716
551	0.04980903123545936
552	0.04980092279438327
553	0.04979226540779575
554	0.04978316278901053
555	0.04977369415897317
556	0.04976391998003186
557	0.04975388638128373
558	0.04974362855719169
559	0.049733173368673826
560	0.049722541329072
561	0.04971174811804725
562	0.049700805734438726
563	0.04968972337367707
564	0.04967850809539047
565	0.04966716533137244
566	0.04965569927215533
567	0.04964411316130601
568	0.049632409519572374
569	0.04962059031570417
570	0.049608657096719556
571	0.049596611087321496
572	0.04958445326583406
573	0.0495721844222572
574	0.04955980520269803
575	0.04954634520411366
576	0.049536887015036966
577	0.04952681975234836
578	0.049516247955155655
579	0.049505254403455975
580	0.049493903689284593
581	0.04948224620601932
582	0.04947032128665594
583	0.04945815966066601
584	0.0494457853712269
585	0.049433217267960176
586	0.049420470167335036
587	0.049407555753783125
588	0.04939448327901071
589	0.049381260104514144
590	0.04936789212241388
591	0.04935438408192232
592	0.04934073984266789
593	0.04932696257132766
594	0.04931148318452938
595	0.049300394861314836
596	0.04928872687969489
597	0.04927657045183566
598	0.04926399924415551
599	0.049251071654322735
600	0.049237833986008554
601	0.049224322984206925
602	0.04921056784971199
603	0.04919659183455132
604	0.0491824135025779
605	0.04916804772382625
606	0.04915350645795736
607	0.04913879937105585
608	0.04912393432100514
609	0.04912574370273167
610	0.049112682339594725
611	0.049098851667382294
612	0.04908440336021015
613	0.04906944145643555
614	0.04905404917102913
615	0.049038293003664336
616	0.04902222606704232
617	0.04900589078029228
618	0.04898932103650129
619	0.04897254393992485
620	0.04895558119412008
621	0.04893845020871075
622	0.04892116498041978
623	0.04890373679363296
624	0.04888617477704248
625	0.04886848634573972
626	0.0488506775522375
627	0.048832753365174716
628	0.048814717890611106
629	0.04879657454777346
630	0.048778326208665436
631	0.04875997530900949
632	0.04874152393644209
633	0.04872297390065491
634	0.04870432678920862
635	0.04868558401196465
636	0.04866674683647664
637	0.048647816416195026
638	0.04862879381296029
639	0.048609680014946484
640	0.04859047595099096
641	0.04857118250203759
642	0.048551800510286534
643	0.04853233078651248
644	0.04851277411591996
645	0.04849313126283531
646	0.048473402974464404
647	0.04845358998390746
648	0.04843369301257716
649	0.04841371277214057
650	0.04839184378362706
651	0.048371762236297376
652	0.04836386538870203
653	0.04834439317964869
654	0.04832460297015895
655	0.048304380898758895
656	0.04828379915853136
657	0.04826291685921572
658	0.04824178216666771
659	0.048220434295357495
660	0.04819890515368893
661	0.048177220696369934
662	0.04815540203224646
663	0.04813346632949761
664	0.04811142755383805
665	0.04808929706966871
666	0.04806708412910728
667	0.048044796269509714
668	0.04802243963644055
669	0.0480000192459873
670	0.04797753919777171
671	0.04795500284791297
672	0.04793241294947471
673	0.04790977176651923
674	0.047887081166739155
675	0.047864342696705024
676	0.04784155764300003
677	0.04781872708189889
678	0.04779585191974434
679	0.04777293292576807
680	0.04774997075877333
681	0.04772696598882763
682	0.04770391911490028
683	0.047680830579200216
684	0.047657700778830726
685	0.047634530075258176
686	0.04761131880200425
687	0.04758806727088789
688	0.04756477577708663
689	0.04754144460323801
690	0.04751747941190249
691	0.04749647479225732
692	0.04747512888250243
693	0.047453488820659716
694	0.04743159534408634
695	0.04740948243293449
696	0.04738717842945726
697	0.04736470698079268
698	0.04734208782878453
699	0.04731933746982283
700	0.04729646970490691
701	0.04727349609742953
702	0.0472504263536743
703	0.047227268638771434
704	0.0472040298388694
705	0.04718071577856785
706	0.04715733140118553
707	0.047133880918182734
708	0.04711036793300485
709	0.04708679554372752
710	0.04706316642813434
711	0.04703948291424814
712	0.04701574703880972
713	0.046991960595777135
714	0.04696812517655964
715	0.046944242203404714
716	0.04692031295711103
717	0.046912917888106795
718	0.046890709887282875
719	0.046868020719828
720	0.04684493870833405
721	0.046821523258449085
722	0.046815675122002985
723	0.04679258865880297
724	0.0467691888918628
725	0.0467453255128729
726	0.04672107213057795
727	0.046696491258336616
728	0.04667163568609463
729	0.04664654992000351
730	0.04662127143288524
731	0.04659583174194563
732	0.04657025733212865
733	0.04654457044356684
734	0.0465187897406742
735	0.04649293087903221
736	0.046467006984578244
737	0.04644102905792586
738	0.04641500631503071
739	0.04638894647389561
740	0.046362855995655185
741	0.04633674028716382
742	0.04631060387114667
743	0.04628445052905588
744	0.04625828342098149
745	0.046232105186283415
746	0.04620591802803515
747	0.046179723783883485
748	0.046153523985507205
749	0.04612731990850988
750	0.04610111261428983
751	0.046074902985178974
752	0.04604869175393205
753	0.04602247952848052
754	0.045996266812708415
755	0.04597005402389124
756	0.04594384150733403
757	0.04591762954865695
758	0.04589141838410611
759	0.045865208209204485
760	0.04583899918601009
761	0.04581279144920156
762	0.04578658511117987
763	0.045760380266342666
764	0.04573417699466072
765	0.045707975364671076
766	0.0456817754359771
767	0.045655577261334616
768	0.045629380888387895
769	0.04560318636111476
770	0.0455769937210238
771	0.045550803008144146
772	0.04552461426184024
773	0.045498427521480714
774	0.04547224282698322
775	0.04544606021925458
776	0.04541987974054613
777	0.04539370143473329
778	0.04536752534753503
779	0.04534135152668185
780	0.0453151800220399
781	0.045289010885699935
782	0.04526284417203639
783	0.04523667993773994
784	0.04521051824183114
785	0.0451843591456554
786	0.04515820271286528
787	0.04513204900938904
788	0.04510589810339267
789	0.04507975006523092
790	0.04505360496739519
791	0.04502746288445477
792	0.045001323892994646
793	0.044975188071551084
794	0.04494905550054434
795	0.04492292626221022
796	0.044896800440530744
797	0.04487067812116483
798	0.04484455939137798
799	0.044818444339972
